<?xml version="1.0" encoding="UTF-8"?>
<!-- Generated by org.testng.reporters.JUnitXMLReporter -->
<testsuite ignored="2" hostname="Syrgas-MBP.lan" failures="0" tests="1" name="TestNGExample" time="0.041" errors="0" timestamp="2023-01-20T23:41:53 CST">
  <testcase classname="com.automation.test.CartPageTest" name="verifyUserCanRemoveItemFromCart" time="0.001"/>
  <testcase classname="com.automation.test.CartPageTest" name="verifyUserCanAddItemIntoCart" time="0.0">
    <ignored/>
  </testcase> <!-- verifyUserCanAddItemIntoCart -->
  <testcase classname="com.automation.test.CartPageTest" name="verifyUserCanChangeQuantityOfItemOnCart" time="0.0">
    <ignored/>
  </testcase> <!-- verifyUserCanChangeQuantityOfItemOnCart -->
</testsuite> <!-- TestNGExample -->
