<?xml version="1.0" encoding="UTF-8"?>
<!-- Generated by org.testng.reporters.JUnitXMLReporter -->
<testsuite ignored="0" hostname="Syrgas-MBP.lan" failures="0" tests="11" name="Command line test" time="0.054" errors="0" timestamp="2023-01-15T18:59:05 CST">
  <testcase classname="com.automation.test.CartPageTest" name="verifyUserCanAddItemIntoCart" time="0.002"/>
  <testcase classname="com.automation.test.CartPageTest" name="verifyUserCanChangeQuantityOfItemOnCart" time="0.0"/>
  <testcase classname="com.automation.test.CartPageTest" name="verifyUserCanRemoveItemFromCart" time="0.001"/>
  <testcase classname="com.automation.test.ProductListingPageTest" name="verifyEachProductHasAddToCartButton" time="0.001"/>
  <testcase classname="com.automation.test.ProductListingPageTest" name="verifyEachProductHasStockInformation" time="0.001"/>
  <testcase classname="com.automation.test.ProductListingPageTest" name="verifyEachProductPrice" time="0.002"/>
  <testcase classname="com.automation.test.OrderCancellationOrderTest" name="verifyUserCanCancelOrder" time="0.0"/>
  <testcase classname="com.automation.test.OrderCancellationOrderTest" name="verifyUserCannotCancelOrderAfterShipment" time="0.0"/>
  <testcase classname="com.automation.test.LoginTest" name="secondTest" time="0.0"/>
  <testcase classname="com.automation.test.LoginTest" name="thirdTest" time="0.001"/>
  <testcase classname="com.automation.test.LoginTest" name="verifyLoginSuccessful" time="0.001"/>
</testsuite> <!-- Command line test -->
