<?xml version="1.0" encoding="UTF-8"?>
<testng-results ignored="0" total="11" passed="11" failed="0" skipped="0">
  <reporter-output>
  </reporter-output>
  <suite started-at="2023-01-15T18:59:05 CST" name="Command line suite" finished-at="2023-01-15T18:59:05 CST" duration-ms="54">
    <groups>
      <group name="Sunshine">
        <method signature="ProductListingPageTest.verifyEachProductPrice()[pri:0, instance:com.automation.test.ProductListingPageTest@78e67e0a]" name="verifyEachProductPrice" class="com.automation.test.ProductListingPageTest"/>
      </group> <!-- Sunshine -->
      <group name="Smoke">
        <method signature="LoginTest.verifyLoginSuccessful()[pri:0, instance:com.automation.test.LoginTest@3043fe0e]" name="verifyLoginSuccessful" class="com.automation.test.LoginTest"/>
        <method signature="ProductListingPageTest.verifyEachProductPrice()[pri:0, instance:com.automation.test.ProductListingPageTest@78e67e0a]" name="verifyEachProductPrice" class="com.automation.test.ProductListingPageTest"/>
      </group> <!-- Smoke -->
    </groups>
    <test started-at="2023-01-15T18:59:05 CST" name="Command line test" finished-at="2023-01-15T18:59:05 CST" duration-ms="54">
      <class name="com.automation.test.LoginTest">
        <test-method signature="secondTest()[pri:0, instance:com.automation.test.LoginTest@3043fe0e]" started-at="2023-01-15T18:59:05 CST" name="secondTest" finished-at="2023-01-15T18:59:05 CST" duration-ms="0" status="PASS">
          <reporter-output>
          </reporter-output>
        </test-method> <!-- secondTest -->
        <test-method is-config="true" signature="setUp()[pri:0, instance:com.automation.test.LoginTest@3043fe0e]" started-at="2023-01-15T18:59:05 CST" name="setUp" finished-at="2023-01-15T18:59:05 CST" duration-ms="0" status="PASS">
          <reporter-output>
          </reporter-output>
        </test-method> <!-- setUp -->
        <test-method is-config="true" signature="setUp()[pri:0, instance:com.automation.test.LoginTest@3043fe0e]" started-at="2023-01-15T18:59:05 CST" name="setUp" finished-at="2023-01-15T18:59:05 CST" duration-ms="0" status="PASS">
          <reporter-output>
          </reporter-output>
        </test-method> <!-- setUp -->
        <test-method is-config="true" signature="cleanUp()[pri:0, instance:com.automation.test.LoginTest@3043fe0e]" started-at="2023-01-15T18:59:05 CST" name="cleanUp" finished-at="2023-01-15T18:59:05 CST" duration-ms="0" status="PASS">
          <reporter-output>
          </reporter-output>
        </test-method> <!-- cleanUp -->
        <test-method signature="thirdTest()[pri:0, instance:com.automation.test.LoginTest@3043fe0e]" started-at="2023-01-15T18:59:05 CST" name="thirdTest" finished-at="2023-01-15T18:59:05 CST" duration-ms="1" status="PASS">
          <reporter-output>
          </reporter-output>
        </test-method> <!-- thirdTest -->
        <test-method is-config="true" signature="cleanUp()[pri:0, instance:com.automation.test.LoginTest@3043fe0e]" started-at="2023-01-15T18:59:05 CST" name="cleanUp" finished-at="2023-01-15T18:59:05 CST" duration-ms="0" status="PASS">
          <reporter-output>
          </reporter-output>
        </test-method> <!-- cleanUp -->
        <test-method is-config="true" signature="setUp()[pri:0, instance:com.automation.test.LoginTest@3043fe0e]" started-at="2023-01-15T18:59:05 CST" name="setUp" finished-at="2023-01-15T18:59:05 CST" duration-ms="0" status="PASS">
          <reporter-output>
          </reporter-output>
        </test-method> <!-- setUp -->
        <test-method signature="verifyLoginSuccessful()[pri:0, instance:com.automation.test.LoginTest@3043fe0e]" started-at="2023-01-15T18:59:05 CST" name="verifyLoginSuccessful" finished-at="2023-01-15T18:59:05 CST" duration-ms="1" status="PASS">
          <reporter-output>
          </reporter-output>
        </test-method> <!-- verifyLoginSuccessful -->
        <test-method is-config="true" signature="cleanUp()[pri:0, instance:com.automation.test.LoginTest@3043fe0e]" started-at="2023-01-15T18:59:05 CST" name="cleanUp" finished-at="2023-01-15T18:59:05 CST" duration-ms="0" status="PASS">
          <reporter-output>
          </reporter-output>
        </test-method> <!-- cleanUp -->
      </class> <!-- com.automation.test.LoginTest -->
      <class name="com.automation.test.CartPageTest">
        <test-method is-config="true" signature="setUp()[pri:0, instance:com.automation.test.CartPageTest@76b0bfab]" started-at="2023-01-15T18:59:05 CST" name="setUp" finished-at="2023-01-15T18:59:05 CST" duration-ms="6" status="PASS">
          <reporter-output>
          </reporter-output>
        </test-method> <!-- setUp -->
        <test-method signature="verifyUserCanAddItemIntoCart()[pri:0, instance:com.automation.test.CartPageTest@76b0bfab]" started-at="2023-01-15T18:59:05 CST" name="verifyUserCanAddItemIntoCart" finished-at="2023-01-15T18:59:05 CST" duration-ms="2" status="PASS">
          <reporter-output>
          </reporter-output>
        </test-method> <!-- verifyUserCanAddItemIntoCart -->
        <test-method is-config="true" signature="cleanUp()[pri:0, instance:com.automation.test.CartPageTest@76b0bfab]" started-at="2023-01-15T18:59:05 CST" name="cleanUp" finished-at="2023-01-15T18:59:05 CST" duration-ms="0" status="PASS">
          <reporter-output>
          </reporter-output>
        </test-method> <!-- cleanUp -->
        <test-method is-config="true" signature="setUp()[pri:0, instance:com.automation.test.CartPageTest@76b0bfab]" started-at="2023-01-15T18:59:05 CST" name="setUp" finished-at="2023-01-15T18:59:05 CST" duration-ms="0" status="PASS">
          <reporter-output>
          </reporter-output>
        </test-method> <!-- setUp -->
        <test-method is-config="true" signature="cleanUp()[pri:0, instance:com.automation.test.CartPageTest@76b0bfab]" started-at="2023-01-15T18:59:05 CST" name="cleanUp" finished-at="2023-01-15T18:59:05 CST" duration-ms="1" status="PASS">
          <reporter-output>
          </reporter-output>
        </test-method> <!-- cleanUp -->
        <test-method signature="verifyUserCanChangeQuantityOfItemOnCart()[pri:0, instance:com.automation.test.CartPageTest@76b0bfab]" started-at="2023-01-15T18:59:05 CST" name="verifyUserCanChangeQuantityOfItemOnCart" finished-at="2023-01-15T18:59:05 CST" duration-ms="0" status="PASS">
          <reporter-output>
          </reporter-output>
        </test-method> <!-- verifyUserCanChangeQuantityOfItemOnCart -->
        <test-method signature="verifyUserCanRemoveItemFromCart()[pri:0, instance:com.automation.test.CartPageTest@76b0bfab]" started-at="2023-01-15T18:59:05 CST" name="verifyUserCanRemoveItemFromCart" finished-at="2023-01-15T18:59:05 CST" duration-ms="1" status="PASS">
          <reporter-output>
          </reporter-output>
        </test-method> <!-- verifyUserCanRemoveItemFromCart -->
        <test-method is-config="true" signature="setUp()[pri:0, instance:com.automation.test.CartPageTest@76b0bfab]" started-at="2023-01-15T18:59:05 CST" name="setUp" finished-at="2023-01-15T18:59:05 CST" duration-ms="0" status="PASS">
          <reporter-output>
          </reporter-output>
        </test-method> <!-- setUp -->
        <test-method is-config="true" signature="cleanUp()[pri:0, instance:com.automation.test.CartPageTest@76b0bfab]" started-at="2023-01-15T18:59:05 CST" name="cleanUp" finished-at="2023-01-15T18:59:05 CST" duration-ms="0" status="PASS">
          <reporter-output>
          </reporter-output>
        </test-method> <!-- cleanUp -->
      </class> <!-- com.automation.test.CartPageTest -->
      <class name="com.automation.test.ProductListingPageTest">
        <test-method signature="verifyEachProductHasAddToCartButton()[pri:0, instance:com.automation.test.ProductListingPageTest@78e67e0a]" started-at="2023-01-15T18:59:05 CST" name="verifyEachProductHasAddToCartButton" finished-at="2023-01-15T18:59:05 CST" duration-ms="1" status="PASS">
          <reporter-output>
          </reporter-output>
        </test-method> <!-- verifyEachProductHasAddToCartButton -->
        <test-method signature="verifyEachProductHasStockInformation()[pri:0, instance:com.automation.test.ProductListingPageTest@78e67e0a]" started-at="2023-01-15T18:59:05 CST" name="verifyEachProductHasStockInformation" finished-at="2023-01-15T18:59:05 CST" duration-ms="1" status="PASS">
          <reporter-output>
          </reporter-output>
        </test-method> <!-- verifyEachProductHasStockInformation -->
        <test-method signature="verifyEachProductPrice()[pri:0, instance:com.automation.test.ProductListingPageTest@78e67e0a]" started-at="2023-01-15T18:59:05 CST" name="verifyEachProductPrice" finished-at="2023-01-15T18:59:05 CST" duration-ms="2" status="PASS">
          <reporter-output>
          </reporter-output>
        </test-method> <!-- verifyEachProductPrice -->
      </class> <!-- com.automation.test.ProductListingPageTest -->
      <class name="com.automation.test.OrderCancellationOrderTest">
        <test-method signature="verifyUserCanCancelOrder()[pri:0, instance:com.automation.test.OrderCancellationOrderTest@17d677df]" started-at="2023-01-15T18:59:05 CST" name="verifyUserCanCancelOrder" finished-at="2023-01-15T18:59:05 CST" duration-ms="0" status="PASS">
          <reporter-output>
          </reporter-output>
        </test-method> <!-- verifyUserCanCancelOrder -->
        <test-method signature="verifyUserCannotCancelOrderAfterShipment()[pri:0, instance:com.automation.test.OrderCancellationOrderTest@17d677df]" started-at="2023-01-15T18:59:05 CST" name="verifyUserCannotCancelOrderAfterShipment" finished-at="2023-01-15T18:59:05 CST" duration-ms="0" status="PASS">
          <reporter-output>
          </reporter-output>
        </test-method> <!-- verifyUserCannotCancelOrderAfterShipment -->
      </class> <!-- com.automation.test.OrderCancellationOrderTest -->
    </test> <!-- Command line test -->
  </suite> <!-- Command line suite -->
</testng-results>
