<?xml version="1.0" encoding="UTF-8"?>
<testng-results ignored="2" total="3" passed="1" failed="0" skipped="0">
  <reporter-output>
  </reporter-output>
  <suite started-at="2023-01-20T23:41:53 CST" name="Default Suite" finished-at="2023-01-20T23:41:53 CST" duration-ms="41">
    <groups>
    </groups>
    <test started-at="2023-01-20T23:41:53 CST" name="TestNGExample" finished-at="2023-01-20T23:41:53 CST" duration-ms="41">
      <class name="com.automation.test.CartPageTest">
        <test-method is-config="true" signature="setUp()[pri:0, instance:com.automation.test.CartPageTest@543c6f6d]" started-at="2023-01-20T23:41:53 CST" name="setUp" finished-at="2023-01-20T23:41:53 CST" duration-ms="7" status="PASS">
          <reporter-output>
          </reporter-output>
        </test-method> <!-- setUp -->
        <test-method signature="verifyUserCanRemoveItemFromCart()[pri:0, instance:com.automation.test.CartPageTest@543c6f6d]" started-at="2023-01-20T23:41:53 CST" name="verifyUserCanRemoveItemFromCart" finished-at="2023-01-20T23:41:53 CST" duration-ms="1" status="PASS">
          <reporter-output>
          </reporter-output>
        </test-method> <!-- verifyUserCanRemoveItemFromCart -->
        <test-method is-config="true" signature="cleanUp()[pri:0, instance:com.automation.test.CartPageTest@543c6f6d]" started-at="2023-01-20T23:41:53 CST" name="cleanUp" finished-at="2023-01-20T23:41:53 CST" duration-ms="0" status="PASS">
          <reporter-output>
          </reporter-output>
        </test-method> <!-- cleanUp -->
      </class> <!-- com.automation.test.CartPageTest -->
    </test> <!-- TestNGExample -->
  </suite> <!-- Default Suite -->
</testng-results>
